<?xml version="1.0" encoding="UTF-8"?>
<!-- Generated by org.testng.reporters.JUnitReportReporter -->
<testsuite hostname="DESKTOP-QI6H2EA" failures="0" tests="1" name="PageClass.Dropdown" time="5.120" errors="0" timestamp="2024-03-27T00:57:08 PDT" skipped="0">
  <testcase classname="PageClass.Dropdown" name="dropdown" time="5.120"/>
  <system-out/>
</testsuite> <!-- PageClass.Dropdown -->
